<?xml version="1.0" encoding="UTF-8"?>
<!-- Generated by org.testng.reporters.JUnitReportReporter -->
<testsuite hostname="LAPTOP-2GEIVD6F" failures="0" tests="2" name="tests.Logintest" time="61.934" errors="0" timestamp="2022-10-28T15:56:20 IST" skipped="0">
  <testcase classname="tests.Logintest" name="Login" time="46.117"/>
  <system-out/>
  <testcase classname="tests.Logintest" name="Login" time="15.817"/>
  <system-out/>
</testsuite> <!-- tests.Logintest -->
