<?xml version="1.0" encoding="UTF-8"?>
<!-- Generated by org.testng.reporters.JUnitReportReporter -->
<testsuite hostname="LAPTOP-2GEIVD6F" failures="0" tests="1" name="tests.ThreeTest" time="0.001" errors="0" timestamp="2022-10-28T15:23:09 IST" skipped="0">
  <testcase classname="tests.ThreeTest" name="TestThree" time="0.001"/>
  <system-out/>
</testsuite> <!-- tests.ThreeTest -->
