<?xml version="1.0" encoding="UTF-8"?>
<!-- Generated by org.testng.reporters.JUnitReportReporter -->
<testsuite hostname="LAPTOP-2GEIVD6F" failures="0" tests="2" name="tests.Logintest" time="59.197" errors="0" timestamp="2022-10-28T15:23:09 IST" skipped="0">
  <testcase classname="tests.Logintest" name="Login" time="28.718"/>
  <system-out/>
  <testcase classname="tests.Logintest" name="Login" time="30.479"/>
  <system-out/>
</testsuite> <!-- tests.Logintest -->
